INFO:werkzeug: * Restarting with stat
WARNING:werkzeug: * Debugger is active!
INFO:werkzeug: * Debugger PIN: 293-511-986
INFO:root:emitting event "datainfo" to all [/]
INFO:root:emitting event "datainfo" to all [/]
INFO:root:received event "stonk_values" from 8cI2n5IrMG5b2PvGAAAD [/]
INFO:root:emitting event "clientMsg" to all [/]
INFO:root:emitting event "datainfo" to all [/]
INFO:root:received event "stonk_values" from V63ejXLCrzygU9NCAAAF [/]
INFO:root:emitting event "clientMsg" to all [/]
INFO:root:emitting event "datainfo" to all [/]
INFO:root:emitting event "datainfo" to all [/]
INFO:root:emitting event "datainfo" to all [/]
INFO:root:received event "stonk_values" from nSackOMTf1OYbdDtAAAL [/]
INFO:root:emitting event "clientMsg" to all [/]
INFO:root:emitting event "datainfo" to all [/]
INFO:root:emitting event "datainfo" to all [/]
INFO:root:emitting event "datainfo" to all [/]
INFO:root:emitting event "datainfo" to all [/]
INFO:root:received event "stonk_values" from h49s7KSOsqn0WcJTAAAT [/]
INFO:root:emitting event "clientMsg" to all [/]
INFO:werkzeug: * Detected change in 'C:\\Users\\Gimpe\\Documents\\GitHub\\CrazyBlazin\\even_newer\\web\\server.py', reloading
INFO:werkzeug: * Restarting with stat
WARNING:werkzeug: * Debugger is active!
INFO:werkzeug: * Debugger PIN: 293-511-986
INFO:root:emitting event "datainfo" to all [/]
INFO:root:emitting event "datainfo" to all [/]
INFO:werkzeug: * Restarting with stat
WARNING:werkzeug: * Debugger is active!
INFO:werkzeug: * Debugger PIN: 293-511-986
INFO:root:emitting event "datainfo" to all [/]
INFO:root:emitting event "datainfo" to all [/]
INFO:root:received event "clientMsg" from XjaXSNLdkfUcVU-cAAAD [/]
INFO:root:emitting event "datainfo" to all [/]
INFO:root:emitting event "datainfo" to all [/]
INFO:root:received event "clientMsg" from JqzUaRH8QT9W7szXAAAH [/]
INFO:root:emitting event "datainfo" to all [/]
INFO:root:emitting event "datainfo" to all [/]
INFO:root:received event "clientMsg" from g0Q24tD-aR6xGoErAAAL [/]
INFO:werkzeug: * Restarting with stat
WARNING:werkzeug: * Debugger is active!
INFO:werkzeug: * Debugger PIN: 293-511-986
INFO:root:emitting event "datainfo" to all [/]
INFO:root:received event "clientMsg" from xB447heBMhshm2Z5AAAB [/]
INFO:root:emitting event "datainfo" to all [/]
INFO:werkzeug: * Detected change in 'C:\\Users\\Gimpe\\Documents\\GitHub\\CrazyBlazin\\even_newer\\web\\server.py', reloading
INFO:werkzeug: * Restarting with stat
WARNING:werkzeug: * Debugger is active!
INFO:werkzeug: * Debugger PIN: 293-511-986
INFO:root:emitting event "datainfo" to all [/]
INFO:root:emitting event "datainfo" to all [/]
INFO:werkzeug: * Restarting with stat
WARNING:werkzeug: * Debugger is active!
INFO:werkzeug: * Debugger PIN: 293-511-986
INFO:root:emitting event "datainfo" to all [/]
INFO:root:emitting event "datainfo" to all [/]
INFO:root:received event "clientMsg" from z9mmrLja04AsKtk-AAAD [/]
INFO:root:emitting event "datainfo" to all [/]
INFO:werkzeug: * Detected change in 'C:\\Users\\Gimpe\\Documents\\GitHub\\CrazyBlazin\\even_newer\\web\\server.py', reloading
INFO:werkzeug: * Restarting with stat
WARNING:werkzeug: * Debugger is active!
INFO:werkzeug: * Debugger PIN: 293-511-986
INFO:root:emitting event "datainfo" to all [/]
INFO:root:emitting event "datainfo" to all [/]
INFO:root:emitting event "datainfo" to all [/]
INFO:root:emitting event "datainfo" to all [/]
INFO:root:received event "msg" from d5ppgy_3NTNSarYXAAAH [/]
INFO:root:emitting event "clientMsg" to all [/]
INFO:root:emitting event "datainfo" to all [/]
INFO:root:received event "msg" from TShC-jVaZ16Ep23pAAAJ [/]
INFO:root:emitting event "clientMsg" to all [/]
INFO:root:emitting event "datainfo" to all [/]
INFO:root:received event "msg" from uIxQMp2gtgI3X_0aAAAL [/]
INFO:root:emitting event "clientMsg" to all [/]
INFO:werkzeug: * Restarting with stat
WARNING:werkzeug: * Debugger is active!
INFO:werkzeug: * Debugger PIN: 293-511-986
INFO:root:emitting event "datainfo" to all [/]
INFO:root:emitting event "datainfo" to all [/]
INFO:root:received event "msg" from TWW21sHw44Bx_C1GAAAD [/]
INFO:root:emitting event "clientMsg" to all [/]
INFO:root:emitting event "datainfo" to all [/]
INFO:root:emitting event "datainfo" to all [/]
INFO:root:emitting event "datainfo" to all [/]
INFO:root:emitting event "datainfo" to all [/]
INFO:root:emitting event "datainfo" to all [/]
INFO:werkzeug: * Restarting with stat
WARNING:werkzeug: * Debugger is active!
INFO:werkzeug: * Debugger PIN: 293-511-986
INFO:root:emitting event "datainfo" to all [/]
INFO:root:emitting event "datainfo" to all [/]
INFO:root:received event "msg" from WZ9BO6HpUToUf5YuAAAD [/]
INFO:root:emitting event "clientMsg" to all [/]
INFO:werkzeug: * Detected change in 'C:\\Users\\Gimpe\\Documents\\GitHub\\CrazyBlazin\\even_newer\\web\\server.py', reloading
INFO:werkzeug: * Restarting with stat
WARNING:werkzeug: * Debugger is active!
INFO:werkzeug: * Debugger PIN: 293-511-986
INFO:root:emitting event "datainfo" to all [/]
INFO:root:emitting event "datainfo" to all [/]
INFO:root:emitting event "datainfo" to all [/]
INFO:root:received event "msg" from 9479jO1rNUIHZsO-AAAF [/]
INFO:root:emitting event "clientMsg" to all [/]
INFO:root:emitting event "datainfo" to all [/]
INFO:root:emitting event "datainfo" to all [/]
INFO:root:received event "msg" from j0ZH76epiTmls7wYAAAJ [/]
INFO:root:emitting event "clientMsg" to all [/]
INFO:root:emitting event "datainfo" to all [/]
INFO:root:received event "msg" from TAtKDetXiPgD4SNBAAAL [/]
INFO:root:emitting event "clientMsg" to all [/]
INFO:root:received event "msg" from TAtKDetXiPgD4SNBAAAL [/]
INFO:root:emitting event "clientMsg" to all [/]
INFO:root:received event "msg" from TAtKDetXiPgD4SNBAAAL [/]
INFO:root:emitting event "clientMsg" to all [/]
INFO:root:received event "msg" from TAtKDetXiPgD4SNBAAAL [/]
INFO:root:emitting event "clientMsg" to all [/]
INFO:root:received event "msg" from TAtKDetXiPgD4SNBAAAL [/]
INFO:root:emitting event "clientMsg" to all [/]
INFO:root:received event "msg" from TAtKDetXiPgD4SNBAAAL [/]
INFO:root:emitting event "clientMsg" to all [/]
INFO:root:received event "msg" from TAtKDetXiPgD4SNBAAAL [/]
INFO:root:emitting event "clientMsg" to all [/]
INFO:root:received event "msg" from TAtKDetXiPgD4SNBAAAL [/]
INFO:root:emitting event "clientMsg" to all [/]
INFO:root:received event "msg" from TAtKDetXiPgD4SNBAAAL [/]
INFO:root:emitting event "clientMsg" to all [/]
INFO:root:received event "msg" from TAtKDetXiPgD4SNBAAAL [/]
INFO:root:emitting event "clientMsg" to all [/]
INFO:root:received event "msg" from TAtKDetXiPgD4SNBAAAL [/]
INFO:root:emitting event "clientMsg" to all [/]
INFO:root:received event "msg" from TAtKDetXiPgD4SNBAAAL [/]
INFO:root:emitting event "clientMsg" to all [/]
INFO:root:received event "msg" from TAtKDetXiPgD4SNBAAAL [/]
INFO:root:emitting event "clientMsg" to all [/]
INFO:root:received event "msg" from TAtKDetXiPgD4SNBAAAL [/]
INFO:root:emitting event "clientMsg" to all [/]
INFO:root:received event "msg" from TAtKDetXiPgD4SNBAAAL [/]
INFO:root:emitting event "clientMsg" to all [/]
INFO:root:received event "msg" from TAtKDetXiPgD4SNBAAAL [/]
INFO:root:emitting event "clientMsg" to all [/]
INFO:root:received event "msg" from TAtKDetXiPgD4SNBAAAL [/]
INFO:root:emitting event "clientMsg" to all [/]
INFO:root:received event "msg" from TAtKDetXiPgD4SNBAAAL [/]
INFO:root:emitting event "clientMsg" to all [/]
INFO:root:emitting event "datainfo" to all [/]
INFO:root:received event "msg" from TAtKDetXiPgD4SNBAAAL [/]
INFO:root:emitting event "clientMsg" to all [/]
INFO:root:received event "msg" from TAtKDetXiPgD4SNBAAAL [/]
INFO:root:emitting event "clientMsg" to all [/]
INFO:root:emitting event "datainfo" to all [/]
INFO:root:received event "msg" from TAtKDetXiPgD4SNBAAAL [/]
INFO:root:emitting event "clientMsg" to all [/]
INFO:root:received event "msg" from TAtKDetXiPgD4SNBAAAL [/]
INFO:root:emitting event "clientMsg" to all [/]
INFO:root:received event "msg" from TAtKDetXiPgD4SNBAAAL [/]
INFO:root:emitting event "clientMsg" to all [/]
INFO:root:received event "msg" from TAtKDetXiPgD4SNBAAAL [/]
INFO:root:emitting event "clientMsg" to all [/]
INFO:root:received event "msg" from TAtKDetXiPgD4SNBAAAL [/]
INFO:root:emitting event "clientMsg" to all [/]
INFO:root:received event "msg" from TAtKDetXiPgD4SNBAAAL [/]
INFO:root:emitting event "clientMsg" to all [/]
INFO:root:received event "msg" from TAtKDetXiPgD4SNBAAAL [/]
INFO:root:emitting event "clientMsg" to all [/]
INFO:root:received event "msg" from TAtKDetXiPgD4SNBAAAL [/]
INFO:root:emitting event "clientMsg" to all [/]
INFO:root:received event "msg" from TAtKDetXiPgD4SNBAAAL [/]
INFO:root:emitting event "clientMsg" to all [/]
INFO:root:received event "msg" from TAtKDetXiPgD4SNBAAAL [/]
INFO:root:emitting event "clientMsg" to all [/]
INFO:root:received event "msg" from TAtKDetXiPgD4SNBAAAL [/]
INFO:root:emitting event "clientMsg" to all [/]
INFO:root:received event "msg" from TAtKDetXiPgD4SNBAAAL [/]
INFO:root:emitting event "clientMsg" to all [/]
INFO:root:received event "msg" from TAtKDetXiPgD4SNBAAAL [/]
INFO:root:emitting event "clientMsg" to all [/]
INFO:root:received event "msg" from TAtKDetXiPgD4SNBAAAL [/]
INFO:root:emitting event "clientMsg" to all [/]
INFO:root:received event "msg" from TAtKDetXiPgD4SNBAAAL [/]
INFO:root:emitting event "clientMsg" to all [/]
INFO:root:received event "msg" from TAtKDetXiPgD4SNBAAAL [/]
INFO:root:emitting event "clientMsg" to all [/]
INFO:root:received event "msg" from TAtKDetXiPgD4SNBAAAL [/]
INFO:root:emitting event "clientMsg" to all [/]
INFO:root:received event "msg" from TAtKDetXiPgD4SNBAAAL [/]
INFO:root:emitting event "clientMsg" to all [/]
INFO:root:received event "msg" from TAtKDetXiPgD4SNBAAAL [/]
INFO:root:emitting event "clientMsg" to all [/]
INFO:root:received event "msg" from TAtKDetXiPgD4SNBAAAL [/]
INFO:root:emitting event "clientMsg" to all [/]
INFO:root:received event "msg" from TAtKDetXiPgD4SNBAAAL [/]
INFO:root:emitting event "clientMsg" to all [/]
INFO:root:received event "msg" from TAtKDetXiPgD4SNBAAAL [/]
INFO:root:emitting event "clientMsg" to all [/]
INFO:root:received event "msg" from TAtKDetXiPgD4SNBAAAL [/]
INFO:root:emitting event "clientMsg" to all [/]
INFO:root:received event "msg" from TAtKDetXiPgD4SNBAAAL [/]
INFO:root:emitting event "clientMsg" to all [/]
INFO:root:received event "msg" from TAtKDetXiPgD4SNBAAAL [/]
INFO:root:emitting event "clientMsg" to all [/]
INFO:root:received event "msg" from TAtKDetXiPgD4SNBAAAL [/]
INFO:root:emitting event "clientMsg" to all [/]
INFO:root:received event "msg" from TAtKDetXiPgD4SNBAAAL [/]
INFO:root:emitting event "clientMsg" to all [/]
INFO:root:received event "msg" from TAtKDetXiPgD4SNBAAAL [/]
INFO:root:emitting event "clientMsg" to all [/]
INFO:root:received event "msg" from TAtKDetXiPgD4SNBAAAL [/]
INFO:root:emitting event "clientMsg" to all [/]
INFO:root:received event "msg" from TAtKDetXiPgD4SNBAAAL [/]
INFO:root:emitting event "clientMsg" to all [/]
INFO:root:received event "msg" from TAtKDetXiPgD4SNBAAAL [/]
INFO:root:emitting event "clientMsg" to all [/]
INFO:root:received event "msg" from TAtKDetXiPgD4SNBAAAL [/]
INFO:root:emitting event "clientMsg" to all [/]
INFO:root:received event "msg" from TAtKDetXiPgD4SNBAAAL [/]
INFO:root:emitting event "clientMsg" to all [/]
INFO:root:received event "msg" from TAtKDetXiPgD4SNBAAAL [/]
INFO:root:emitting event "clientMsg" to all [/]
INFO:root:received event "msg" from TAtKDetXiPgD4SNBAAAL [/]
INFO:root:emitting event "clientMsg" to all [/]
INFO:root:received event "msg" from TAtKDetXiPgD4SNBAAAL [/]
INFO:root:emitting event "clientMsg" to all [/]
INFO:root:received event "msg" from TAtKDetXiPgD4SNBAAAL [/]
INFO:root:emitting event "clientMsg" to all [/]
INFO:root:received event "msg" from TAtKDetXiPgD4SNBAAAL [/]
INFO:root:emitting event "clientMsg" to all [/]
INFO:root:received event "msg" from TAtKDetXiPgD4SNBAAAL [/]
INFO:root:emitting event "clientMsg" to all [/]
INFO:root:received event "msg" from TAtKDetXiPgD4SNBAAAL [/]
INFO:root:emitting event "clientMsg" to all [/]
INFO:root:received event "msg" from TAtKDetXiPgD4SNBAAAL [/]
INFO:root:emitting event "clientMsg" to all [/]
INFO:root:received event "msg" from TAtKDetXiPgD4SNBAAAL [/]
INFO:root:emitting event "clientMsg" to all [/]
INFO:root:received event "msg" from TAtKDetXiPgD4SNBAAAL [/]
INFO:root:emitting event "clientMsg" to all [/]
INFO:root:received event "msg" from TAtKDetXiPgD4SNBAAAL [/]
INFO:root:emitting event "clientMsg" to all [/]
INFO:root:received event "msg" from TAtKDetXiPgD4SNBAAAL [/]
INFO:root:emitting event "clientMsg" to all [/]
INFO:root:received event "msg" from TAtKDetXiPgD4SNBAAAL [/]
INFO:root:emitting event "clientMsg" to all [/]
INFO:root:received event "msg" from TAtKDetXiPgD4SNBAAAL [/]
INFO:root:emitting event "clientMsg" to all [/]
INFO:root:received event "msg" from TAtKDetXiPgD4SNBAAAL [/]
INFO:root:emitting event "clientMsg" to all [/]
INFO:root:received event "msg" from TAtKDetXiPgD4SNBAAAL [/]
INFO:root:emitting event "clientMsg" to all [/]
INFO:root:received event "msg" from TAtKDetXiPgD4SNBAAAL [/]
INFO:root:emitting event "clientMsg" to all [/]
INFO:root:received event "msg" from TAtKDetXiPgD4SNBAAAL [/]
INFO:root:emitting event "clientMsg" to all [/]
INFO:root:received event "msg" from TAtKDetXiPgD4SNBAAAL [/]
INFO:root:emitting event "clientMsg" to all [/]
INFO:root:received event "msg" from TAtKDetXiPgD4SNBAAAL [/]
INFO:root:emitting event "clientMsg" to all [/]
INFO:root:received event "msg" from TAtKDetXiPgD4SNBAAAL [/]
INFO:root:emitting event "clientMsg" to all [/]
INFO:root:received event "msg" from TAtKDetXiPgD4SNBAAAL [/]
INFO:root:emitting event "clientMsg" to all [/]
INFO:root:received event "msg" from TAtKDetXiPgD4SNBAAAL [/]
INFO:root:emitting event "clientMsg" to all [/]
INFO:root:received event "msg" from TAtKDetXiPgD4SNBAAAL [/]
INFO:root:emitting event "clientMsg" to all [/]
INFO:root:received event "msg" from TAtKDetXiPgD4SNBAAAL [/]
INFO:root:emitting event "clientMsg" to all [/]
INFO:root:received event "msg" from TAtKDetXiPgD4SNBAAAL [/]
INFO:root:emitting event "clientMsg" to all [/]
INFO:root:received event "msg" from TAtKDetXiPgD4SNBAAAL [/]
INFO:root:emitting event "clientMsg" to all [/]
INFO:root:received event "msg" from TAtKDetXiPgD4SNBAAAL [/]
INFO:root:emitting event "clientMsg" to all [/]
INFO:root:received event "msg" from TAtKDetXiPgD4SNBAAAL [/]
INFO:root:emitting event "clientMsg" to all [/]
INFO:root:received event "msg" from TAtKDetXiPgD4SNBAAAL [/]
INFO:root:emitting event "clientMsg" to all [/]
INFO:root:received event "msg" from TAtKDetXiPgD4SNBAAAL [/]
INFO:root:emitting event "clientMsg" to all [/]
INFO:root:emitting event "datainfo" to all [/]
INFO:root:received event "msg" from rs7LuMKSAbgJB4_CAAAR [/]
INFO:root:emitting event "clientMsg" to all [/]
INFO:root:received event "msg" from rs7LuMKSAbgJB4_CAAAR [/]
INFO:root:emitting event "clientMsg" to all [/]
INFO:root:received event "msg" from rs7LuMKSAbgJB4_CAAAR [/]
INFO:root:emitting event "clientMsg" to all [/]
INFO:root:emitting event "datainfo" to all [/]
INFO:root:received event "msg" from rs7LuMKSAbgJB4_CAAAR [/]
INFO:root:emitting event "clientMsg" to all [/]
INFO:root:received event "msg" from rs7LuMKSAbgJB4_CAAAR [/]
INFO:root:emitting event "clientMsg" to all [/]
INFO:root:received event "msg" from rs7LuMKSAbgJB4_CAAAR [/]
INFO:root:emitting event "clientMsg" to all [/]
INFO:root:received event "msg" from rs7LuMKSAbgJB4_CAAAR [/]
INFO:root:emitting event "clientMsg" to all [/]
INFO:root:received event "msg" from rs7LuMKSAbgJB4_CAAAR [/]
INFO:root:emitting event "clientMsg" to all [/]
INFO:root:received event "msg" from rs7LuMKSAbgJB4_CAAAR [/]
INFO:root:emitting event "clientMsg" to all [/]
INFO:root:received event "msg" from rs7LuMKSAbgJB4_CAAAR [/]
INFO:root:emitting event "clientMsg" to all [/]
INFO:root:received event "msg" from rs7LuMKSAbgJB4_CAAAR [/]
INFO:root:emitting event "clientMsg" to all [/]
INFO:root:received event "msg" from rs7LuMKSAbgJB4_CAAAR [/]
INFO:root:emitting event "clientMsg" to all [/]
INFO:root:received event "msg" from rs7LuMKSAbgJB4_CAAAR [/]
INFO:root:emitting event "clientMsg" to all [/]
INFO:root:received event "msg" from rs7LuMKSAbgJB4_CAAAR [/]
INFO:root:emitting event "clientMsg" to all [/]
INFO:root:received event "msg" from rs7LuMKSAbgJB4_CAAAR [/]
INFO:root:emitting event "clientMsg" to all [/]
INFO:root:received event "msg" from rs7LuMKSAbgJB4_CAAAR [/]
INFO:root:emitting event "clientMsg" to all [/]
INFO:root:received event "msg" from rs7LuMKSAbgJB4_CAAAR [/]
INFO:root:emitting event "clientMsg" to all [/]
INFO:root:received event "msg" from rs7LuMKSAbgJB4_CAAAR [/]
INFO:root:emitting event "clientMsg" to all [/]
INFO:root:received event "msg" from rs7LuMKSAbgJB4_CAAAR [/]
INFO:root:emitting event "clientMsg" to all [/]
INFO:root:received event "msg" from rs7LuMKSAbgJB4_CAAAR [/]
INFO:root:emitting event "clientMsg" to all [/]
INFO:root:received event "msg" from rs7LuMKSAbgJB4_CAAAR [/]
INFO:root:emitting event "clientMsg" to all [/]
INFO:root:received event "msg" from rs7LuMKSAbgJB4_CAAAR [/]
INFO:root:emitting event "clientMsg" to all [/]
INFO:root:received event "msg" from rs7LuMKSAbgJB4_CAAAR [/]
INFO:root:emitting event "clientMsg" to all [/]
INFO:root:received event "msg" from rs7LuMKSAbgJB4_CAAAR [/]
INFO:root:emitting event "clientMsg" to all [/]
INFO:root:received event "msg" from rs7LuMKSAbgJB4_CAAAR [/]
INFO:root:emitting event "clientMsg" to all [/]
INFO:root:received event "msg" from rs7LuMKSAbgJB4_CAAAR [/]
INFO:root:emitting event "clientMsg" to all [/]
INFO:root:received event "msg" from rs7LuMKSAbgJB4_CAAAR [/]
INFO:root:emitting event "clientMsg" to all [/]
INFO:root:received event "msg" from rs7LuMKSAbgJB4_CAAAR [/]
INFO:root:emitting event "clientMsg" to all [/]
INFO:root:received event "msg" from rs7LuMKSAbgJB4_CAAAR [/]
INFO:root:emitting event "clientMsg" to all [/]
INFO:root:received event "msg" from rs7LuMKSAbgJB4_CAAAR [/]
INFO:root:emitting event "clientMsg" to all [/]
INFO:root:received event "msg" from rs7LuMKSAbgJB4_CAAAR [/]
INFO:root:emitting event "clientMsg" to all [/]
INFO:root:received event "msg" from rs7LuMKSAbgJB4_CAAAR [/]
INFO:root:emitting event "clientMsg" to all [/]
